<?xml version="1.0" encoding="utf-8"?><testsuites name="pytest tests"><testsuite name="pytest" errors="0" failures="0" skipped="0" tests="9" time="1.395" timestamp="2026-09-22T17:35:14.311293+00:00" hostname="agent-env-9c26b6cc-1290-469b-bce7-1b454ae3eebb"><testcase classname="tests.test_contact_api" name="test_root_online" time="0.244" /><testcase classname="tests.test_contact_api" name="test_create_contact_success" time="0.074" /><testcase classname="tests.test_contact_api" name="test_create_contact_empty_company_allowed" time="0.064" /><testcase classname="tests.test_contact_api" name="test_create_contact_invalid_email" time="0.070" /><testcase classname="tests.test_contact_api" name="test_create_contact_missing_email" time="0.107" /><testcase classname="tests.test_contact_api" name="test_create_contact_short_message" time="0.065" /><testcase classname="tests.test_contact_api" name="test_create_contact_missing_name" time="0.066" /><testcase classname="tests.test_contact_api" name="test_create_contact_missing_reason" time="0.063" /><testcase classname="tests.test_contact_api" name="test_list_contacts_includes_new_and_sorted" time="0.124" /></testsuite></testsuites>